;;; 
Import: Release 11.2.0.4.0 - Production on Tue Jan 28 01:15:30 2020

Copyright (c) 1982, 2011, Oracle and/or its affiliates.  All rights reserved.
;;; 
Connected to: Oracle Database 11g Release 11.2.0.4.0 - 64bit Production
Master table "SYS"."SYS_IMPORT_FULL_01" successfully loaded/unloaded
Starting "SYS"."SYS_IMPORT_FULL_01":  "/******** AS SYSDBA" directory=data_pump_dir dumpfile=FSV_MINI_1.02.DMP logfile=FSV_MINI_1.02.DMP.91.log table_exists_action=replace 
Processing object type SCHEMA_EXPORT/USER
ORA-31684: Object type USER:"FSV" already exists
Processing object type SCHEMA_EXPORT/SYSTEM_GRANT
Processing object type SCHEMA_EXPORT/ROLE_GRANT
Processing object type SCHEMA_EXPORT/DEFAULT_ROLE
Processing object type SCHEMA_EXPORT/PRE_SCHEMA/PROCACT_SCHEMA
Processing object type SCHEMA_EXPORT/TYPE/TYPE_SPEC
ORA-31684: Object type TYPE:"FSV"."FSV_CNV_CONVENTION_TYPE" already exists
ORA-31684: Object type TYPE:"FSV"."FSV_DONNEEREF_TYPE" already exists
ORA-31684: Object type TYPE:"FSV"."FSV_INFOSDEV_TYPE" already exists
ORA-31684: Object type TYPE:"FSV"."FSV_PARAMETRE_TYPE" already exists
ORA-31684: Object type TYPE:"FSV"."FSV_UTF_TYPE" already exists
ORA-31684: Object type TYPE:"FSV"."SPLIT_TABLE" already exists
ORA-31684: Object type TYPE:"FSV"."FSV_DROIT_TYPE" already exists
ORA-31684: Object type TYPE:"FSV"."FSV_CNV_CONVENTION_TABLE" already exists
ORA-31684: Object type TYPE:"FSV"."FSV_DONNEEREF_TABLE" already exists
ORA-31684: Object type TYPE:"FSV"."FSV_INFOSDEV_TABLE" already exists
ORA-31684: Object type TYPE:"FSV"."FSV_PARAMETRE_TABLE" already exists
ORA-31684: Object type TYPE:"FSV"."FSV_UTF_TABLE" already exists
ORA-31684: Object type TYPE:"FSV"."FSV_DROIT_TABLE" already exists
Processing object type SCHEMA_EXPORT/SEQUENCE/SEQUENCE
ORA-31684: Object type SEQUENCE:"FSV"."S_FSV_REF_CPR_TYPENOM" already exists
ORA-31684: Object type SEQUENCE:"FSV"."S_FSV_REF_CPR_TYPEPREST" already exists
ORA-31684: Object type SEQUENCE:"FSV"."S_FSV_REF_MODEEXERCICE" already exists
ORA-31684: Object type SEQUENCE:"FSV"."S_FSV_REF_INDICTRAIT" already exists
ORA-31684: Object type SEQUENCE:"FSV"."S_FSV_REF_JUSTEXO" already exists
ORA-31684: Object type SEQUENCE:"FSV"."S_FSV_REF_NATUREASSUR" already exists
ORA-31684: Object type SEQUENCE:"FSV"."S_FSV_REF_QUALITE" already exists
ORA-31684: Object type SEQUENCE:"FSV"."S_FSV_REF_PMSS" already exists
ORA-31684: Object type SEQUENCE:"FSV"."S_FSV_REF_QUALIFDEPENSE" already exists
ORA-31684: Object type SEQUENCE:"FSV"."S_FSV_REF_REG_FSEAT_AVP_SV" already exists
ORA-31684: Object type SEQUENCE:"FSV"."S_FSV_REF_TXREMB_FOUR_SV" already exists
ORA-31684: Object type SEQUENCE:"FSV"."S_FSV_REF_SPE_SV" already exists
ORA-31684: Object type SEQUENCE:"FSV"."S_FSV_REF_TYPECARTE_PS" already exists
ORA-31684: Object type SEQUENCE:"FSV"."S_FSV_REF_TYPECARTE_SV" already exists
ORA-31684: Object type SEQUENCE:"FSV"."S_FSV_DRT_LIEN" already exists
ORA-31684: Object type SEQUENCE:"FSV"."S_FSV_REF_TYPEIDNAT" already exists
ORA-31684: Object type SEQUENCE:"FSV"."S_FSV_REF_TYPEPJ" already exists
ORA-31684: Object type SEQUENCE:"FSV"."S_FSV_PRM_EMETCONFIANCE" already exists
ORA-31684: Object type SEQUENCE:"FSV"."S_FSV_SV_FICHIER" already exists
ORA-31684: Object type SEQUENCE:"FSV"."S_FSV_REF_TYPEPRESTA_LPP" already exists
ORA-31684: Object type SEQUENCE:"FSV"."S_FSV_REF_TYPESERVICE" already exists
ORA-31684: Object type SEQUENCE:"FSV"."S_FSV_SV_FORMULE_STS" already exists
ORA-31684: Object type SEQUENCE:"FSV"."S_FSV_SV_FLAGENVOI" already exists
ORA-31684: Object type SEQUENCE:"FSV"."S_FSV_SV_FICHIER_COMPTEUR" already exists
ORA-31684: Object type SEQUENCE:"FSV"."S_FSV_SV_FSE" already exists
ORA-31684: Object type SEQUENCE:"FSV"."S_FSV_SV_FSE_COMPTEUR" already exists
ORA-31684: Object type SEQUENCE:"FSV"."S_FSV_SV_LOT" already exists
ORA-31684: Object type SEQUENCE:"FSV"."S_FSV_SV_LOT_COMPTEUR" already exists
ORA-31684: Object type SEQUENCE:"FSV"."S_FSV_SV_MODEFSE" already exists
ORA-31684: Object type SEQUENCE:"FSV"."S_FSV_SV_PARAMFORMULE_STS" already exists
ORA-31684: Object type SEQUENCE:"FSV"."S_FSV_SV_TYPEFSE" already exists
ORA-31684: Object type SEQUENCE:"FSV"."S_FSV_UNITEFONCTIONNELLE" already exists
ORA-31684: Object type SEQUENCE:"FSV"."S_FSV_PRM_STATUT" already exists
ORA-31684: Object type SEQUENCE:"FSV"."S_FSV_UTILISATEUR" already exists
ORA-31684: Object type SEQUENCE:"FSV"."S_FSV_FDS_IDENTIFICATION" already exists
ORA-31684: Object type SEQUENCE:"FSV"."S_FSV_TP_TIERSPAYEUR" already exists
ORA-31684: Object type SEQUENCE:"FSV"."S_FSV_TP_MUTNUM" already exists
ORA-31684: Object type SEQUENCE:"FSV"."S_FSV_CNV_CONVENTION" already exists
ORA-31684: Object type SEQUENCE:"FSV"."S_FSV_DRT_DROITS" already exists
ORA-31684: Object type SEQUENCE:"FSV"."S_FSV_CNV_CORRESPONDANCE" already exists
ORA-31684: Object type SEQUENCE:"FSV"."S_FSV_CNV_REGROUPEMENT" already exists
ORA-31684: Object type SEQUENCE:"FSV"."S_FSV_DRT_PROFIL" already exists
ORA-31684: Object type SEQUENCE:"FSV"."S_FSV_FDS_PRESTATION" already exists
ORA-31684: Object type SEQUENCE:"FSV"."S_FSV_FDS_PRESTA_LPP" already exists
ORA-31684: Object type SEQUENCE:"FSV"."S_FSV_FDS_COMPTEUR" already exists
ORA-31684: Object type SEQUENCE:"FSV"."S_FSV_LIEN_PAR_UTF_UTL" already exists
ORA-31684: Object type SEQUENCE:"FSV"."S_FSV_LOG" already exists
ORA-31684: Object type SEQUENCE:"FSV"."S_FSV_LOG_NIVEAU" already exists
ORA-31684: Object type SEQUENCE:"FSV"."S_FSV_LOG_TYPE" already exists
ORA-31684: Object type SEQUENCE:"FSV"."S_FSV_MAIL_SV_ARL" already exists
ORA-31684: Object type SEQUENCE:"FSV"."S_FSV_MAIL_SV_NORME" already exists
ORA-31684: Object type SEQUENCE:"FSV"."S_FSV_MAIL_SV_COMPTEUR" already exists
ORA-31684: Object type SEQUENCE:"FSV"."S_FSV_MAIL_SV_LOI" already exists
ORA-31684: Object type SEQUENCE:"FSV"."S_FSV_PRM_PARAM" already exists
ORA-31684: Object type SEQUENCE:"FSV"."S_FSV_PRM_PRESC" already exists
ORA-31684: Object type SEQUENCE:"FSV"."S_FSV_PRM_LIEN_PAR_UTF_UTL" already exists
ORA-31684: Object type SEQUENCE:"FSV"."S_FSV_REF_CIVILITE" already exists
ORA-31684: Object type SEQUENCE:"FSV"."S_FSV_REF_CODEACCORDDEP" already exists
ORA-31684: Object type SEQUENCE:"FSV"."S_FSV_LOG_TELETRANS" already exists
ORA-31684: Object type SEQUENCE:"FSV"."S_SCOR_LOT" already exists
ORA-31684: Object type SEQUENCE:"FSV"."S_SCOR_DOSSIER" already exists
ORA-31684: Object type SEQUENCE:"FSV"."S_SCOR_DOCUMENT" already exists
ORA-31684: Object type SEQUENCE:"FSV"."S_SCOR_DOCUMENT_COMPTEUR" already exists
ORA-31684: Object type SEQUENCE:"FSV"."S_SCOR_LOT_COMPTEUR" already exists
ORA-31684: Object type SEQUENCE:"FSV"."S_FSV_REF_CODECOMPLPRESTA" already exists
ORA-31684: Object type SEQUENCE:"FSV"."S_FSV_REF_CODEAGR" already exists
ORA-31684: Object type SEQUENCE:"FSV"."S_FSV_REF_CODEAIGUILLAGE" already exists
ORA-31684: Object type SEQUENCE:"FSV"."S_FSV_REF_CODECONVENTION" already exists
ORA-31684: Object type SEQUENCE:"FSV"."S_FSV_REF_CODEPORTEUR" already exists
ORA-31684: Object type SEQUENCE:"FSV"."S_FSV_REF_CODEGESTION" already exists
ORA-31684: Object type SEQUENCE:"FSV"."S_FSV_REF_CODEPREST_SV" already exists
ORA-31684: Object type SEQUENCE:"FSV"."S_FSV_REF_CODEREGIME" already exists
ORA-31684: Object type SEQUENCE:"FSV"."S_FSV_REF_CODEZONEIK" already exists
ORA-31684: Object type SEQUENCE:"FSV"."S_FSV_REF_CODESERVICEAMO" already exists
ORA-31684: Object type SEQUENCE:"FSV"."S_FSV_REF_CODEZONETARIF" already exists
ORA-31684: Object type SEQUENCE:"FSV"."S_FSV_REF_CPR_ASSO_SV" already exists
ORA-31684: Object type SEQUENCE:"FSV"."S_FSV_REF_CPR_QLT_SV" already exists
ORA-31684: Object type SEQUENCE:"FSV"."S_FSV_REF_CPR_GRPFONC" already exists
ORA-31684: Object type SEQUENCE:"FSV"."S_FSV_REF_CPR_CNCPT_SV" already exists
ORA-31684: Object type SEQUENCE:"FSV"."S_FSV_REF_CPR_QUALIF_SV" already exists
ORA-31684: Object type SEQUENCE:"FSV"."S_FSV_REF_CPR_SMG_SV" already exists
ORA-31684: Object type SEQUENCE:"FSV"."S_FSV_REF_CPR_SPE_SV" already exists
ORA-31684: Object type SEQUENCE:"FSV"."S_FSV_MAIL_SV_RECU" already exists
ORA-31684: Object type SEQUENCE:"FSV"."S_FSV_MAIL_SV_SERVICE" already exists
ORA-31684: Object type SEQUENCE:"FSV"."S_FSV_MAIL_SV_RECU_PART" already exists
ORA-31684: Object type SEQUENCE:"FSV"."S_FSV_MAIL_SV_RSP" already exists
ORA-31684: Object type SEQUENCE:"FSV"."S_FSV_NOE_ANOMALIE_TP" already exists
ORA-31684: Object type SEQUENCE:"FSV"."S_FSV_NOE_ELMT_REGLEMENT" already exists
ORA-31684: Object type SEQUENCE:"FSV"."S_FSV_NOE_LOT_RETOUR" already exists
ORA-31684: Object type SEQUENCE:"FSV"."S_FSV_NOE_PAIE_PONCT_580" already exists
ORA-31684: Object type SEQUENCE:"FSV"."S_FSV_NOE_RECEPTION_TP" already exists
ORA-31684: Object type SEQUENCE:"FSV"."S_FSV_NOE_REGLEMENT_TP" already exists
ORA-31684: Object type SEQUENCE:"FSV"."S_FSV_NOE_TYPE_ANOMALIE" already exists
ORA-31684: Object type SEQUENCE:"FSV"."S_FSV_NOM_CARACTERISTIQUE" already exists
ORA-31684: Object type SEQUENCE:"FSV"."S_FSV_NOM_ITEM" already exists
ORA-31684: Object type SEQUENCE:"FSV"."S_FSV_NOM_ITEM_GROUPE" already exists
ORA-31684: Object type SEQUENCE:"FSV"."S_FSV_NOM_PRODUIT" already exists
ORA-31684: Object type SEQUENCE:"FSV"."S_FSV_NOM_VALEUR" already exists
ORA-31684: Object type SEQUENCE:"FSV"."S_FSV_PAT_PERIODEDROIT" already exists
ORA-31684: Object type SEQUENCE:"FSV"."S_FSV_PATIENT" already exists
ORA-31684: Object type SEQUENCE:"FSV"."S_FSV_PAT_COUV_AMC" already exists
ORA-31684: Object type SEQUENCE:"FSV"."S_FSV_PAT_COUV_AMO" already exists
Processing object type SCHEMA_EXPORT/TABLE/TABLE
Processing object type SCHEMA_EXPORT/TABLE/TABLE_DATA
. . imported "FSV"."SYS_EXPORT_FULL_01"                  208.8 KB    1932 rows
. . imported "FSV"."FSV_REF_CPR_SPE_SV"                  162.4 KB    5096 rows
. . imported "FSV"."FSV_LOG"                             40.35 KB     118 rows
. . imported "FSV"."FSV_TP_TIERSPAYEUR"                   98.5 KB    1683 rows
. . imported "FSV"."FSV_DRT_CATEGORIE"                   9.070 KB      52 rows
. . imported "FSV"."FSV_DRT_DROITS"                      13.62 KB     147 rows
. . imported "FSV"."FSV_DRT_LIEN"                        12.82 KB     294 rows
. . imported "FSV"."FSV_DRT_PROFIL"                      6.343 KB       2 rows
. . imported "FSV"."FSV_LOG_NIVEAU"                      6.804 KB       4 rows
. . imported "FSV"."FSV_LOG_TYPE"                        7.679 KB      14 rows
. . imported "FSV"."FSV_NOE_TYPE_ANOMALIE"               7.632 KB       7 rows
. . imported "FSV"."FSV_NOM_CARACTERISTIQUE"             9.023 KB      11 rows
. . imported "FSV"."FSV_NOM_VALEUR"                      7.039 KB      66 rows
. . imported "FSV"."FSV_POSTE"                           5.570 KB       7 rows
. . imported "FSV"."FSV_PRM_LIEN_PAR_UTF_UTL"            7.164 KB      22 rows
. . imported "FSV"."FSV_PRM_PARAM"                       8.968 KB      22 rows
. . imported "FSV"."FSV_PRM_PRESC"                       9.718 KB       1 rows
. . imported "FSV"."FSV_REF_CIVILITE"                    7.070 KB      41 rows
. . imported "FSV"."FSV_REF_CODEACCORDDEP"               6.468 KB       4 rows
. . imported "FSV"."FSV_REF_CODEAGR"                     6.492 KB       8 rows
. . imported "FSV"."FSV_REF_CODEAIGUILLAGE"              6.468 KB       4 rows
. . imported "FSV"."FSV_REF_CODECOMPLPRESTA"             6.367 KB       3 rows
. . imported "FSV"."FSV_REF_CODECONVENTION"              6.453 KB       5 rows
. . imported "FSV"."FSV_REF_CODEGESTION"                 7.445 KB      32 rows
. . imported "FSV"."FSV_REF_CODEPORTEUR"                 6.468 KB       2 rows
. . imported "FSV"."FSV_REF_CODEPREST_SV"                35.44 KB     365 rows
. . imported "FSV"."FSV_REF_CODEREGIME"                  7.703 KB      24 rows
. . imported "FSV"."FSV_REF_CODESERVICEAMO"               7.25 KB       7 rows
. . imported "FSV"."FSV_REF_CODEZONEIK"                  6.453 KB       4 rows
. . imported "FSV"."FSV_REF_CODEZONETARIF"               6.656 KB      25 rows
. . imported "FSV"."FSV_REF_CPR_ASSO_SV"                 19.07 KB     378 rows
. . imported "FSV"."FSV_REF_CPR_CNCPT_SV"                35.37 KB     388 rows
. . imported "FSV"."FSV_REF_CPR_GRPFONC"                 6.757 KB      15 rows
. . imported "FSV"."FSV_REF_CPR_QLT_SV"                  30.87 KB     332 rows
. . imported "FSV"."FSV_REF_CPR_QUALIF_SV"               28.50 KB     362 rows
. . imported "FSV"."FSV_REF_CPR_TYPENOM"                 5.976 KB       6 rows
. . imported "FSV"."FSV_REF_CPR_TYPEPREST"               5.921 KB       2 rows
. . imported "FSV"."FSV_REF_INDICTRAIT"                  8.335 KB      17 rows
. . imported "FSV"."FSV_REF_JUSTEXO"                     6.679 KB       7 rows
. . imported "FSV"."FSV_REF_MODEEXERCICE"                6.820 KB       4 rows
. . imported "FSV"."FSV_REF_NATUREASSUR"                 6.406 KB       5 rows
. . imported "FSV"."FSV_REF_PMSS"                        6.468 KB       6 rows
. . imported "FSV"."FSV_REF_QUALIFDEPENSE"                6.75 KB      10 rows
. . imported "FSV"."FSV_REF_QUALITE"                     6.570 KB       9 rows
. . imported "FSV"."FSV_REF_REG_FSEAT_AVP_SV"            11.71 KB      60 rows
. . imported "FSV"."FSV_REF_SPE_SV"                      14.71 KB     141 rows
. . imported "FSV"."FSV_REF_TXREMB_FOUR_SV"              19.98 KB     154 rows
. . imported "FSV"."FSV_REF_TYPECARTE_PS"                6.429 KB       4 rows
. . imported "FSV"."FSV_REF_TYPECARTE_SV"                6.421 KB       3 rows
. . imported "FSV"."FSV_REF_TYPEIDNAT"                   6.507 KB       8 rows
. . imported "FSV"."FSV_REF_TYPEPJ"                      7.093 KB      11 rows
. . imported "FSV"."FSV_REF_TYPEPRESTA_LPP"              6.445 KB       7 rows
. . imported "FSV"."FSV_REF_TYPESERVICE"                 6.593 KB       8 rows
. . imported "FSV"."FSV_SV_FLAGENVOI"                    6.593 KB      25 rows
. . imported "FSV"."FSV_SV_FORMULE_STS"                  6.820 KB       2 rows
. . imported "FSV"."FSV_SV_MODEFSE"                      6.882 KB       5 rows
. . imported "FSV"."FSV_SV_PARAMFORMULE_STS"             7.585 KB       1 rows
. . imported "FSV"."FSV_SV_TYPEFSE"                      6.820 KB       5 rows
. . imported "FSV"."FSV_TP_MUTNUM"                       6.429 KB       3 rows
. . imported "FSV"."FSV_UNITEFONCTIONNELLE"              11.70 KB       1 rows
. . imported "FSV"."FSV_UTILISATEUR"                     9.773 KB       1 rows
. . imported "FSV"."SCOR_FLAGENVOI"                      5.968 KB       5 rows
. . imported "FSV"."SCOR_TYPEDOC"                        6.812 KB       3 rows
. . imported "FSV"."FSV_CNV_CONVENTION"                      0 KB       0 rows
. . imported "FSV"."FSV_CNV_CORRESPONDANCE"                  0 KB       0 rows
. . imported "FSV"."FSV_CNV_REGROUPEMENT"                    0 KB       0 rows
. . imported "FSV"."FSV_FDS_COMPTEUR"                        0 KB       0 rows
. . imported "FSV"."FSV_FDS_IDENTIFICATION"                  0 KB       0 rows
. . imported "FSV"."FSV_FDS_PRESTA_LPP"                      0 KB       0 rows
. . imported "FSV"."FSV_FDS_PRESTATION"                      0 KB       0 rows
. . imported "FSV"."FSV_LOG_TELETRANS"                       0 KB       0 rows
. . imported "FSV"."FSV_LOG_TELETRANS_MODIF"                 0 KB       0 rows
. . imported "FSV"."FSV_MAIL_SV_ARL"                         0 KB       0 rows
. . imported "FSV"."FSV_MAIL_SV_COMPTEUR"                    0 KB       0 rows
. . imported "FSV"."FSV_MAIL_SV_LOI"                         0 KB       0 rows
. . imported "FSV"."FSV_MAIL_SV_NORME"                       0 KB       0 rows
. . imported "FSV"."FSV_MAIL_SV_RECU"                        0 KB       0 rows
. . imported "FSV"."FSV_MAIL_SV_RECU_PART"                   0 KB       0 rows
. . imported "FSV"."FSV_MAIL_SV_RSP"                         0 KB       0 rows
. . imported "FSV"."FSV_MAIL_SV_SERVICE"                     0 KB       0 rows
. . imported "FSV"."FSV_NOE_ANOMALIE_TP"                     0 KB       0 rows
. . imported "FSV"."FSV_NOE_ELMT_REGLEMENT"                  0 KB       0 rows
. . imported "FSV"."FSV_NOE_LOT_RETOUR"                      0 KB       0 rows
. . imported "FSV"."FSV_NOE_PAIE_PONCT_580"                  0 KB       0 rows
. . imported "FSV"."FSV_NOE_RECEPTION_TP"                    0 KB       0 rows
. . imported "FSV"."FSV_NOE_REGLEMENT_TP"                    0 KB       0 rows
. . imported "FSV"."FSV_NOM_ITEM"                            0 KB       0 rows
. . imported "FSV"."FSV_NOM_LIEN_CAR_ITE"                    0 KB       0 rows
. . imported "FSV"."FSV_NOM_PRODUIT"                         0 KB       0 rows
. . imported "FSV"."FSV_PAT_COUV_AMC"                        0 KB       0 rows
. . imported "FSV"."FSV_PAT_COUV_AMO"                        0 KB       0 rows
. . imported "FSV"."FSV_PATIENT"                             0 KB       0 rows
. . imported "FSV"."FSV_PAT_PERIODEDROIT"                    0 KB       0 rows
. . imported "FSV"."FSV_PRM_EMETCONFIANCE"                   0 KB       0 rows
. . imported "FSV"."FSV_PRM_STATUT"                          0 KB       0 rows
. . imported "FSV"."FSV_SV_FICHIER"                          0 KB       0 rows
. . imported "FSV"."FSV_SV_FICHIER_COMPTEUR"                 0 KB       0 rows
. . imported "FSV"."FSV_SV_FSE"                              0 KB       0 rows
. . imported "FSV"."FSV_SV_FSE_COMPTEUR"                     0 KB       0 rows
. . imported "FSV"."FSV_SV_LOT"                              0 KB       0 rows
. . imported "FSV"."FSV_SV_LOT_COMPTEUR"                     0 KB       0 rows
. . imported "FSV"."SCOR_DOCUMENT"                           0 KB       0 rows
. . imported "FSV"."SCOR_DOCUMENT_COMPTEUR"                  0 KB       0 rows
. . imported "FSV"."SCOR_DOSSIER"                            0 KB       0 rows
. . imported "FSV"."SCOR_LOT"                                0 KB       0 rows
. . imported "FSV"."SCOR_LOT_COMPTEUR"                       0 KB       0 rows
Processing object type SCHEMA_EXPORT/TABLE/COMMENT
Processing object type SCHEMA_EXPORT/FUNCTION/FUNCTION
ORA-31684: Object type FUNCTION:"FSV"."FSV_CAR_GETVALEUR" already exists
ORA-31684: Object type FUNCTION:"FSV"."FSV_DATE_EST_COMPRISE" already exists
ORA-31684: Object type FUNCTION:"FSV"."FSV_DONNEE_REF" already exists
ORA-31684: Object type FUNCTION:"FSV"."FSV_FTF_ESTPARENTDE" already exists
ORA-31684: Object type FUNCTION:"FSV"."FSV_FTF_GETENFANTS" already exists
ORA-31684: Object type FUNCTION:"FSV"."FSV_FTF_GETIDTMERE" already exists
ORA-31684: Object type FUNCTION:"FSV"."FSV_FTF_GETNUMFINESS" already exists
ORA-31684: Object type FUNCTION:"FSV"."FSV_FTF_GETPARENTS" already exists
ORA-31684: Object type FUNCTION:"FSV"."FSV_GET_DATE_FACTURATION" already exists
ORA-31684: Object type FUNCTION:"FSV"."FSV_GET_DROIT" already exists
ORA-31684: Object type FUNCTION:"FSV"."FSV_GET_INFOS_DEV" already exists
ORA-31684: Object type FUNCTION:"FSV"."FSV_GET_LISTEFSE" already exists
ORA-31684: Object type FUNCTION:"FSV"."FSV_GET_PARAMETRE" already exists
ORA-31684: Object type FUNCTION:"FSV"."FSV_GET_TAUX_REMBOURSEMENT" already exists
ORA-31684: Object type FUNCTION:"FSV"."FSV_NOM_GET_NIVEAU_ITEM" already exists
ORA-31684: Object type FUNCTION:"FSV"."FSV_NOM_GET_NIVEAU_PRODUIT" already exists
ORA-31684: Object type FUNCTION:"FSV"."SPLIT" already exists
Processing object type SCHEMA_EXPORT/PROCEDURE/PROCEDURE
ORA-31684: Object type PROCEDURE:"FSV"."ENVOI_MAIL" already exists
ORA-31684: Object type PROCEDURE:"FSV"."FSV_ENREGISTRER_LOG" already exists
ORA-31684: Object type PROCEDURE:"FSV"."MER_MAJ_ALL_SEQUENCE" already exists
ORA-31684: Object type PROCEDURE:"FSV"."MER_MAJ_SEQUENCE" already exists
Processing object type SCHEMA_EXPORT/FUNCTION/ALTER_FUNCTION
Processing object type SCHEMA_EXPORT/PROCEDURE/ALTER_PROCEDURE
Processing object type SCHEMA_EXPORT/TABLE/INDEX/INDEX
Processing object type SCHEMA_EXPORT/TABLE/CONSTRAINT/CONSTRAINT
Processing object type SCHEMA_EXPORT/TABLE/INDEX/STATISTICS/INDEX_STATISTICS
Processing object type SCHEMA_EXPORT/VIEW/VIEW
ORA-31684: Object type VIEW:"FSV"."NOMENCLATURE_ITEM" already exists
ORA-31684: Object type VIEW:"FSV"."NOMENCLATURE_PRODUIT" already exists
Processing object type SCHEMA_EXPORT/TABLE/CONSTRAINT/REF_CONSTRAINT
Processing object type SCHEMA_EXPORT/TABLE/TRIGGER
Processing object type SCHEMA_EXPORT/TABLE/STATISTICS/TABLE_STATISTICS
Job "SYS"."SYS_IMPORT_FULL_01" completed with 139 error(s) at Tue Jan 28 01:15:50 2020 elapsed 0 00:00:19
